<?xml version="1.0" encoding="UTF-8"?>
<testng-results ignored="0" total="1" passed="1" failed="0" skipped="0">
  <reporter-output>
  </reporter-output>
  <suite started-at="2022-03-18T14:39:09 EDT" name="Default suite" finished-at="2022-03-18T14:39:17 EDT" duration-ms="8330">
    <groups>
    </groups>
    <test started-at="2022-03-18T14:39:09 EDT" name="Default test" finished-at="2022-03-18T14:39:17 EDT" duration-ms="8330">
      <class name="demo.OrangeHRMTCRecDemo">
        <test-method is-config="true" signature="setUp()[pri:0, instance:demo.OrangeHRMTCRecDemo@a38c7fe]" started-at="2022-03-18T14:39:09 EDT" name="setUp" finished-at="2022-03-18T14:39:13 EDT" duration-ms="4490" status="PASS">
          <reporter-output>
          </reporter-output>
        </test-method> <!-- setUp -->
        <test-method signature="testOrangeHRMTCRecDemo()[pri:0, instance:demo.OrangeHRMTCRecDemo@a38c7fe]" started-at="2022-03-18T14:39:13 EDT" name="testOrangeHRMTCRecDemo" finished-at="2022-03-18T14:39:17 EDT" duration-ms="3677" status="PASS">
          <reporter-output>
          </reporter-output>
        </test-method> <!-- testOrangeHRMTCRecDemo -->
        <test-method is-config="true" signature="tearDown()[pri:0, instance:demo.OrangeHRMTCRecDemo@a38c7fe]" started-at="2022-03-18T14:39:17 EDT" name="tearDown" finished-at="2022-03-18T14:39:17 EDT" duration-ms="129" status="PASS">
          <reporter-output>
          </reporter-output>
        </test-method> <!-- tearDown -->
      </class> <!-- demo.OrangeHRMTCRecDemo -->
    </test> <!-- Default test -->
  </suite> <!-- Default suite -->
</testng-results>
